Start testing: Jun 28 21:25 MSK
----------------------------------------------------------
1/23 Testing: type_list_core_smoke_test
1/23 Test: type_list_core_smoke_test
Command: "/Users/dskniazev/projects/github/dmitriiskniazev/type-list/build/type_list_core_smoke_test"
Directory: /Users/dskniazev/projects/github/dmitriiskniazev/type-list/build
"type_list_core_smoke_test" start time: Jun 28 21:25 MSK
Output:
----------------------------------------------------------
<end of output>
Test time =   0.27 sec
----------------------------------------------------------
Test Passed.
"type_list_core_smoke_test" end time: Jun 28 21:25 MSK
"type_list_core_smoke_test" time elapsed: 00:00:00
----------------------------------------------------------

2/23 Testing: type_list_core_types_test
2/23 Test: type_list_core_types_test
Command: "/Users/dskniazev/projects/github/dmitriiskniazev/type-list/build/type_list_core_types_test"
Directory: /Users/dskniazev/projects/github/dmitriiskniazev/type-list/build
"type_list_core_types_test" start time: Jun 28 21:25 MSK
Output:
----------------------------------------------------------
<end of output>
Test time =   0.26 sec
----------------------------------------------------------
Test Passed.
"type_list_core_types_test" end time: Jun 28 21:25 MSK
"type_list_core_types_test" time elapsed: 00:00:00
----------------------------------------------------------

3/23 Testing: type_list_core_type_list_test
3/23 Test: type_list_core_type_list_test
Command: "/Users/dskniazev/projects/github/dmitriiskniazev/type-list/build/type_list_core_type_list_test"
Directory: /Users/dskniazev/projects/github/dmitriiskniazev/type-list/build
"type_list_core_type_list_test" start time: Jun 28 21:25 MSK
Output:
----------------------------------------------------------
<end of output>
Test time =   0.25 sec
----------------------------------------------------------
Test Passed.
"type_list_core_type_list_test" end time: Jun 28 21:25 MSK
"type_list_core_type_list_test" time elapsed: 00:00:00
----------------------------------------------------------

4/23 Testing: type_list_core_empty_test
4/23 Test: type_list_core_empty_test
Command: "/Users/dskniazev/projects/github/dmitriiskniazev/type-list/build/type_list_core_empty_test"
Directory: /Users/dskniazev/projects/github/dmitriiskniazev/type-list/build
"type_list_core_empty_test" start time: Jun 28 21:25 MSK
Output:
----------------------------------------------------------
<end of output>
Test time =   0.28 sec
----------------------------------------------------------
Test Passed.
"type_list_core_empty_test" end time: Jun 28 21:25 MSK
"type_list_core_empty_test" time elapsed: 00:00:00
----------------------------------------------------------

5/23 Testing: type_list_core_size_test
5/23 Test: type_list_core_size_test
Command: "/Users/dskniazev/projects/github/dmitriiskniazev/type-list/build/type_list_core_size_test"
Directory: /Users/dskniazev/projects/github/dmitriiskniazev/type-list/build
"type_list_core_size_test" start time: Jun 28 21:25 MSK
Output:
----------------------------------------------------------
<end of output>
Test time =   0.26 sec
----------------------------------------------------------
Test Passed.
"type_list_core_size_test" end time: Jun 28 21:25 MSK
"type_list_core_size_test" time elapsed: 00:00:00
----------------------------------------------------------

6/23 Testing: type_list_access_front_test
6/23 Test: type_list_access_front_test
Command: "/Users/dskniazev/projects/github/dmitriiskniazev/type-list/build/type_list_access_front_test"
Directory: /Users/dskniazev/projects/github/dmitriiskniazev/type-list/build
"type_list_access_front_test" start time: Jun 28 21:25 MSK
Output:
----------------------------------------------------------
<end of output>
Test time =   0.27 sec
----------------------------------------------------------
Test Passed.
"type_list_access_front_test" end time: Jun 28 21:25 MSK
"type_list_access_front_test" time elapsed: 00:00:00
----------------------------------------------------------

7/23 Testing: type_list_access_back_test
7/23 Test: type_list_access_back_test
Command: "/Users/dskniazev/projects/github/dmitriiskniazev/type-list/build/type_list_access_back_test"
Directory: /Users/dskniazev/projects/github/dmitriiskniazev/type-list/build
"type_list_access_back_test" start time: Jun 28 21:25 MSK
Output:
----------------------------------------------------------
<end of output>
Test time =   0.26 sec
----------------------------------------------------------
Test Passed.
"type_list_access_back_test" end time: Jun 28 21:25 MSK
"type_list_access_back_test" time elapsed: 00:00:00
----------------------------------------------------------

8/23 Testing: type_list_access_pop_front_test
8/23 Test: type_list_access_pop_front_test
Command: "/Users/dskniazev/projects/github/dmitriiskniazev/type-list/build/type_list_access_pop_front_test"
Directory: /Users/dskniazev/projects/github/dmitriiskniazev/type-list/build
"type_list_access_pop_front_test" start time: Jun 28 21:25 MSK
Output:
----------------------------------------------------------
<end of output>
Test time =   0.27 sec
----------------------------------------------------------
Test Passed.
"type_list_access_pop_front_test" end time: Jun 28 21:25 MSK
"type_list_access_pop_front_test" time elapsed: 00:00:00
----------------------------------------------------------

9/23 Testing: type_list_access_pop_back_test
9/23 Test: type_list_access_pop_back_test
Command: "/Users/dskniazev/projects/github/dmitriiskniazev/type-list/build/type_list_access_pop_back_test"
Directory: /Users/dskniazev/projects/github/dmitriiskniazev/type-list/build
"type_list_access_pop_back_test" start time: Jun 28 21:25 MSK
Output:
----------------------------------------------------------
<end of output>
Test time =   0.26 sec
----------------------------------------------------------
Test Passed.
"type_list_access_pop_back_test" end time: Jun 28 21:25 MSK
"type_list_access_pop_back_test" time elapsed: 00:00:00
----------------------------------------------------------

10/23 Testing: type_list_access_push_front_test
10/23 Test: type_list_access_push_front_test
Command: "/Users/dskniazev/projects/github/dmitriiskniazev/type-list/build/type_list_access_push_front_test"
Directory: /Users/dskniazev/projects/github/dmitriiskniazev/type-list/build
"type_list_access_push_front_test" start time: Jun 28 21:25 MSK
Output:
----------------------------------------------------------
<end of output>
Test time =   0.25 sec
----------------------------------------------------------
Test Passed.
"type_list_access_push_front_test" end time: Jun 28 21:25 MSK
"type_list_access_push_front_test" time elapsed: 00:00:00
----------------------------------------------------------

11/23 Testing: type_list_access_push_back_test
11/23 Test: type_list_access_push_back_test
Command: "/Users/dskniazev/projects/github/dmitriiskniazev/type-list/build/type_list_access_push_back_test"
Directory: /Users/dskniazev/projects/github/dmitriiskniazev/type-list/build
"type_list_access_push_back_test" start time: Jun 28 21:25 MSK
Output:
----------------------------------------------------------
<end of output>
Test time =   0.26 sec
----------------------------------------------------------
Test Passed.
"type_list_access_push_back_test" end time: Jun 28 21:25 MSK
"type_list_access_push_back_test" time elapsed: 00:00:00
----------------------------------------------------------

12/23 Testing: type_list_build_insert_test
12/23 Test: type_list_build_insert_test
Command: "/Users/dskniazev/projects/github/dmitriiskniazev/type-list/build/type_list_build_insert_test"
Directory: /Users/dskniazev/projects/github/dmitriiskniazev/type-list/build
"type_list_build_insert_test" start time: Jun 28 21:25 MSK
Output:
----------------------------------------------------------
<end of output>
Test time =   0.27 sec
----------------------------------------------------------
Test Passed.
"type_list_build_insert_test" end time: Jun 28 21:25 MSK
"type_list_build_insert_test" time elapsed: 00:00:00
----------------------------------------------------------

13/23 Testing: type_list_build_concat_test
13/23 Test: type_list_build_concat_test
Command: "/Users/dskniazev/projects/github/dmitriiskniazev/type-list/build/type_list_build_concat_test"
Directory: /Users/dskniazev/projects/github/dmitriiskniazev/type-list/build
"type_list_build_concat_test" start time: Jun 28 21:25 MSK
Output:
----------------------------------------------------------
<end of output>
Test time =   0.26 sec
----------------------------------------------------------
Test Passed.
"type_list_build_concat_test" end time: Jun 28 21:25 MSK
"type_list_build_concat_test" time elapsed: 00:00:00
----------------------------------------------------------

14/23 Testing: type_list_build_from_pack_test
14/23 Test: type_list_build_from_pack_test
Command: "/Users/dskniazev/projects/github/dmitriiskniazev/type-list/build/type_list_build_from_pack_test"
Directory: /Users/dskniazev/projects/github/dmitriiskniazev/type-list/build
"type_list_build_from_pack_test" start time: Jun 28 21:25 MSK
Output:
----------------------------------------------------------
<end of output>
Test time =   0.29 sec
----------------------------------------------------------
Test Passed.
"type_list_build_from_pack_test" end time: Jun 28 21:25 MSK
"type_list_build_from_pack_test" time elapsed: 00:00:00
----------------------------------------------------------

15/23 Testing: type_list_transform_map_test
15/23 Test: type_list_transform_map_test
Command: "/Users/dskniazev/projects/github/dmitriiskniazev/type-list/build/type_list_transform_map_test"
Directory: /Users/dskniazev/projects/github/dmitriiskniazev/type-list/build
"type_list_transform_map_test" start time: Jun 28 21:25 MSK
Output:
----------------------------------------------------------
<end of output>
Test time =   0.30 sec
----------------------------------------------------------
Test Passed.
"type_list_transform_map_test" end time: Jun 28 21:25 MSK
"type_list_transform_map_test" time elapsed: 00:00:00
----------------------------------------------------------

16/23 Testing: type_list_transform_filter_test
16/23 Test: type_list_transform_filter_test
Command: "/Users/dskniazev/projects/github/dmitriiskniazev/type-list/build/type_list_transform_filter_test"
Directory: /Users/dskniazev/projects/github/dmitriiskniazev/type-list/build
"type_list_transform_filter_test" start time: Jun 28 21:25 MSK
Output:
----------------------------------------------------------
<end of output>
Test time =   0.32 sec
----------------------------------------------------------
Test Passed.
"type_list_transform_filter_test" end time: Jun 28 21:25 MSK
"type_list_transform_filter_test" time elapsed: 00:00:00
----------------------------------------------------------

17/23 Testing: type_list_transform_fold_left_test
17/23 Test: type_list_transform_fold_left_test
Command: "/Users/dskniazev/projects/github/dmitriiskniazev/type-list/build/type_list_transform_fold_left_test"
Directory: /Users/dskniazev/projects/github/dmitriiskniazev/type-list/build
"type_list_transform_fold_left_test" start time: Jun 28 21:25 MSK
Output:
----------------------------------------------------------
<end of output>
Test time =   0.27 sec
----------------------------------------------------------
Test Passed.
"type_list_transform_fold_left_test" end time: Jun 28 21:25 MSK
"type_list_transform_fold_left_test" time elapsed: 00:00:00
----------------------------------------------------------

18/23 Testing: type_list_transform_fold_right_test
18/23 Test: type_list_transform_fold_right_test
Command: "/Users/dskniazev/projects/github/dmitriiskniazev/type-list/build/type_list_transform_fold_right_test"
Directory: /Users/dskniazev/projects/github/dmitriiskniazev/type-list/build
"type_list_transform_fold_right_test" start time: Jun 28 21:25 MSK
Output:
----------------------------------------------------------
<end of output>
Test time =   0.29 sec
----------------------------------------------------------
Test Passed.
"type_list_transform_fold_right_test" end time: Jun 28 21:25 MSK
"type_list_transform_fold_right_test" time elapsed: 00:00:00
----------------------------------------------------------

19/23 Testing: type_list_combine_zip_test
19/23 Test: type_list_combine_zip_test
Command: "/Users/dskniazev/projects/github/dmitriiskniazev/type-list/build/type_list_combine_zip_test"
Directory: /Users/dskniazev/projects/github/dmitriiskniazev/type-list/build
"type_list_combine_zip_test" start time: Jun 28 21:25 MSK
Output:
----------------------------------------------------------
<end of output>
Test time =   0.25 sec
----------------------------------------------------------
Test Passed.
"type_list_combine_zip_test" end time: Jun 28 21:25 MSK
"type_list_combine_zip_test" time elapsed: 00:00:00
----------------------------------------------------------

20/23 Testing: type_list_combine_zip_with_test
20/23 Test: type_list_combine_zip_with_test
Command: "/Users/dskniazev/projects/github/dmitriiskniazev/type-list/build/type_list_combine_zip_with_test"
Directory: /Users/dskniazev/projects/github/dmitriiskniazev/type-list/build
"type_list_combine_zip_with_test" start time: Jun 28 21:25 MSK
Output:
----------------------------------------------------------
<end of output>
Test time =   0.34 sec
----------------------------------------------------------
Test Passed.
"type_list_combine_zip_with_test" end time: Jun 28 21:25 MSK
"type_list_combine_zip_with_test" time elapsed: 00:00:00
----------------------------------------------------------

21/23 Testing: type_list_combine_unzip_test
21/23 Test: type_list_combine_unzip_test
Command: "/Users/dskniazev/projects/github/dmitriiskniazev/type-list/build/type_list_combine_unzip_test"
Directory: /Users/dskniazev/projects/github/dmitriiskniazev/type-list/build
"type_list_combine_unzip_test" start time: Jun 28 21:25 MSK
Output:
----------------------------------------------------------
<end of output>
Test time =   0.27 sec
----------------------------------------------------------
Test Passed.
"type_list_combine_unzip_test" end time: Jun 28 21:25 MSK
"type_list_combine_unzip_test" time elapsed: 00:00:00
----------------------------------------------------------

22/23 Testing: type_list_combine_reverse_test
22/23 Test: type_list_combine_reverse_test
Command: "/Users/dskniazev/projects/github/dmitriiskniazev/type-list/build/type_list_combine_reverse_test"
Directory: /Users/dskniazev/projects/github/dmitriiskniazev/type-list/build
"type_list_combine_reverse_test" start time: Jun 28 21:25 MSK
Output:
----------------------------------------------------------
<end of output>
Test time =   0.28 sec
----------------------------------------------------------
Test Passed.
"type_list_combine_reverse_test" end time: Jun 28 21:25 MSK
"type_list_combine_reverse_test" time elapsed: 00:00:00
----------------------------------------------------------

23/23 Testing: type_list_combine_flatten_test
23/23 Test: type_list_combine_flatten_test
Command: "/Users/dskniazev/projects/github/dmitriiskniazev/type-list/build/type_list_combine_flatten_test"
Directory: /Users/dskniazev/projects/github/dmitriiskniazev/type-list/build
"type_list_combine_flatten_test" start time: Jun 28 21:25 MSK
Output:
----------------------------------------------------------
<end of output>
Test time =   0.25 sec
----------------------------------------------------------
Test Passed.
"type_list_combine_flatten_test" end time: Jun 28 21:25 MSK
"type_list_combine_flatten_test" time elapsed: 00:00:00
----------------------------------------------------------

End testing: Jun 28 21:25 MSK
